{
  "stats": {
    "suites": 1,
    "tests": 1,
    "passes": 0,
    "pending": 0,
    "failures": 1,
    "start": "2025-06-23T04:11:09.776Z",
    "end": "2025-06-23T04:11:38.277Z",
    "duration": 28501,
    "testsRegistered": 9,
    "passPercent": 0,
    "pendingPercent": 0,
    "other": 0,
    "hasOther": false,
    "skipped": 8,
    "hasSkipped": true
  },
  "results": [
    {
      "uuid": "0e375a0d-027c-4a09-a721-4fe3f35f9cec",
      "title": "",
      "fullFile": "E:\\Working\\Testing\\puppeteer-testing\\tests\\order.test.js",
      "file": "\\tests\\order.test.js",
      "beforeHooks": [
        {
          "title": "\"before all\" hook in \"{root}\"",
          "fullTitle": "\"before all\" hook in \"{root}\"",
          "timedOut": false,
          "duration": 10,
          "state": null,
          "speed": null,
          "pass": false,
          "fail": false,
          "pending": false,
          "context": null,
          "code": "const chai = await import('chai');\nexpect = chai.expect;",
          "err": {},
          "uuid": "fba947ec-c664-4d55-b68c-bb6c92668829",
          "parentUUID": "0e375a0d-027c-4a09-a721-4fe3f35f9cec",
          "isHook": true,
          "skipped": false
        }
      ],
      "afterHooks": [],
      "tests": [],
      "suites": [
        {
          "uuid": "2a1f0cbf-588c-4b42-ac38-2535a4ca8c55",
          "title": "Order Functionality",
          "fullFile": "E:\\Working\\Testing\\puppeteer-testing\\tests\\order.test.js",
          "file": "\\tests\\order.test.js",
          "beforeHooks": [
            {
              "title": "\"before all\" hook in \"Order Functionality\"",
              "fullTitle": "Order Functionality \"before all\" hook in \"Order Functionality\"",
              "timedOut": false,
              "duration": 666,
              "state": null,
              "speed": null,
              "pass": false,
              "fail": false,
              "pending": false,
              "context": null,
              "code": "browser = await puppeteer.launch({\n  headless: false,\n  args: ['--start-maximized'],\n});\npage = await browser.newPage();\nawait page.setViewport({ width: 1280, height: 720 });",
              "err": {},
              "uuid": "0046bed7-1408-4999-88fb-317dd4a47e0b",
              "parentUUID": "2a1f0cbf-588c-4b42-ac38-2535a4ca8c55",
              "isHook": true,
              "skipped": false
            }
          ],
          "afterHooks": [
            {
              "title": "\"after all\" hook in \"Order Functionality\"",
              "fullTitle": "Order Functionality \"after all\" hook in \"Order Functionality\"",
              "timedOut": false,
              "duration": 402,
              "state": null,
              "speed": null,
              "pass": false,
              "fail": false,
              "pending": false,
              "context": null,
              "code": "await browser.close();",
              "err": {},
              "uuid": "a683b8ca-f5ca-4197-84bb-5707aea51d51",
              "parentUUID": "2a1f0cbf-588c-4b42-ac38-2535a4ca8c55",
              "isHook": true,
              "skipped": false
            }
          ],
          "tests": [
            {
              "title": "[DH_01] Đặt hàng khi thông tin được để trống",
              "fullTitle": "Order Functionality [DH_01] Đặt hàng khi thông tin được để trống",
              "timedOut": false,
              "duration": 0,
              "state": null,
              "speed": null,
              "pass": false,
              "fail": false,
              "pending": false,
              "context": null,
              "code": "const productUrl = `${config.baseUrl}/macbook-pro-m4-14-inch-2024-open-box/`;\nawait page.goto(productUrl, { waitUntil: 'networkidle2', timeout: config.timeout });\nconst variationSelector = 'select[name=\"attribute_pa_color\"]';\nif (await page.$(variationSelector)) {\n  await page.select(variationSelector, 'black');\n}\nawait clickElement(page, '.button.buy_now_button');\nawait page.waitForNavigation({ waitUntil: 'networkidle2', timeout: config.timeout });\n// Wait for checkout page\nawait waitForElement(page, '#customer_details');\nawait page.select('#billing_country', 'VN');\n// Clear fields\nawait page.evaluate(() => {\n  ['billing_first_name', 'billing_last_name', 'billing_address_1', 'billing_address_2', 'billing_city', 'billing_phone', 'billing_email']\n    .forEach(id => {\n      const el = document.getElementById(id);\n      if (el) el.value = '';\n    });\n});\n// Fill form\nawait typeText(page, '#billing_first_name', testCase.firstName || '');\nawait typeText(page, '#billing_last_name', testCase.lastname || '');\nawait typeText(page, '#billing_address_1', testCase.address || '');\nawait typeText(page, '#billing_address_2', testCase.apartment || '');\nawait typeText(page, '#billing_city', testCase.city || '');\nawait typeText(page, '#billing_phone', testCase.phoneNumber || '');\nawait typeText(page, '#billing_email', testCase.email || '');\nawait page.click('body');\nawait page.waitForFunction(() => {\n  const spinner = document.querySelector('.blockUI.blockOverlay');\n  return !spinner || spinner.style.display === 'none' || spinner.offsetParent === null;\n}, { timeout: 10000 });\n// const termsCheckbox = await page.$('#terms');\n// if (termsCheckbox) {\n//   const isChecked = await page.$eval('#terms', el => el.checked);\n//   if (!isChecked) await page.click('#terms');\n// }\nawait page.evaluate(() => {\n  const btn = document.querySelector('#place_order');\n  if (btn) btn.scrollIntoView({ behavior: 'smooth', block: 'center' });\n});\n// await new Promise(r => setTimeout(r, 1000));\n// const [response] = await Promise.all([\n//   page.waitForNavigation({ waitUntil: 'networkidle2', timeout: config.timeout }).catch(() => null),\n//   page.click('#place_order'),\n// ]);\npage.click('#place_order');\nif (testCase.expectResults) {\n  await waitForElement(page, '.is-well.col-inner.entry-content', { timeout: config.timeout });\n  const currentUrl = page.url();\n  expect(currentUrl).to.include(config.orderReceived);\n} else {\n  async function doesElementExist(page, selector, timeout) {\n    return page.waitForSelector(selector, { timeout })\n        .then(() => true)   // Nếu promise thành công (tìm thấy), trả về true\n        .catch(() => false); // Nếu promise thất bại (timeout), trả về false\n  }\n  const isErrorVisible = await doesElementExist(page, '.woocommerce-error', 10000);\n  if(isErrorVisible) {\n    const errorText = await page.$eval('.woocommerce-error .message-container', el => el.textContent);\n    expect(errorText).to.include(testCase.expectedError);\n  } else {\n    console.log(`❌ FAILED: cần thông báo lỗi: ${testCase.expectedError}`);\n    // expect(currentUrl).to.equal(config.orderUrl);\n    expect(isErrorVisible).to.be.true; \n  }\n}\n// await new Promise(r => setTimeout(r, 5000));\n// const currentUrl = page.url();\n// if (testCase.expectResults) {\n//   await waitForElement(page, '.is-well.col-inner.entry-content', { timeout: config.timeout });\n//   expect(currentUrl).to.include(testCase.navigation);\n// } else {\n//   if(currentUrl.include('/order-received')) {\n//     console.error(`❌ FAILED: cần thông báo lỗi: ${testCase.expectedError}`);\n//     expect(currentUrl).not.to.include('/order-received');\n//   } else {\n//     await page.waitForSelector('.woocommerce-error', { timeout: config.timeout});\n//     const errorText = await page.$eval('.woocommerce-error .message-container', el => el.textContent);\n//     expect(errorText).to.include(testCase.expectedError);\n//   }\n// }",
              "err": {},
              "uuid": "846e670e-e98d-4244-a848-8a570bcd48d4",
              "parentUUID": "2a1f0cbf-588c-4b42-ac38-2535a4ca8c55",
              "isHook": false,
              "skipped": true
            },
            {
              "title": "[DH_02] Đặt hàng khi nhập đúng kiểu thông tin “Họ”, “Tên”",
              "fullTitle": "Order Functionality [DH_02] Đặt hàng khi nhập đúng kiểu thông tin “Họ”, “Tên”",
              "timedOut": false,
              "duration": 0,
              "state": null,
              "speed": null,
              "pass": false,
              "fail": false,
              "pending": false,
              "context": null,
              "code": "const productUrl = `${config.baseUrl}/macbook-pro-m4-14-inch-2024-open-box/`;\nawait page.goto(productUrl, { waitUntil: 'networkidle2', timeout: config.timeout });\nconst variationSelector = 'select[name=\"attribute_pa_color\"]';\nif (await page.$(variationSelector)) {\n  await page.select(variationSelector, 'black');\n}\nawait clickElement(page, '.button.buy_now_button');\nawait page.waitForNavigation({ waitUntil: 'networkidle2', timeout: config.timeout });\n// Wait for checkout page\nawait waitForElement(page, '#customer_details');\nawait page.select('#billing_country', 'VN');\n// Clear fields\nawait page.evaluate(() => {\n  ['billing_first_name', 'billing_last_name', 'billing_address_1', 'billing_address_2', 'billing_city', 'billing_phone', 'billing_email']\n    .forEach(id => {\n      const el = document.getElementById(id);\n      if (el) el.value = '';\n    });\n});\n// Fill form\nawait typeText(page, '#billing_first_name', testCase.firstName || '');\nawait typeText(page, '#billing_last_name', testCase.lastname || '');\nawait typeText(page, '#billing_address_1', testCase.address || '');\nawait typeText(page, '#billing_address_2', testCase.apartment || '');\nawait typeText(page, '#billing_city', testCase.city || '');\nawait typeText(page, '#billing_phone', testCase.phoneNumber || '');\nawait typeText(page, '#billing_email', testCase.email || '');\nawait page.click('body');\nawait page.waitForFunction(() => {\n  const spinner = document.querySelector('.blockUI.blockOverlay');\n  return !spinner || spinner.style.display === 'none' || spinner.offsetParent === null;\n}, { timeout: 10000 });\n// const termsCheckbox = await page.$('#terms');\n// if (termsCheckbox) {\n//   const isChecked = await page.$eval('#terms', el => el.checked);\n//   if (!isChecked) await page.click('#terms');\n// }\nawait page.evaluate(() => {\n  const btn = document.querySelector('#place_order');\n  if (btn) btn.scrollIntoView({ behavior: 'smooth', block: 'center' });\n});\n// await new Promise(r => setTimeout(r, 1000));\n// const [response] = await Promise.all([\n//   page.waitForNavigation({ waitUntil: 'networkidle2', timeout: config.timeout }).catch(() => null),\n//   page.click('#place_order'),\n// ]);\npage.click('#place_order');\nif (testCase.expectResults) {\n  await waitForElement(page, '.is-well.col-inner.entry-content', { timeout: config.timeout });\n  const currentUrl = page.url();\n  expect(currentUrl).to.include(config.orderReceived);\n} else {\n  async function doesElementExist(page, selector, timeout) {\n    return page.waitForSelector(selector, { timeout })\n        .then(() => true)   // Nếu promise thành công (tìm thấy), trả về true\n        .catch(() => false); // Nếu promise thất bại (timeout), trả về false\n  }\n  const isErrorVisible = await doesElementExist(page, '.woocommerce-error', 10000);\n  if(isErrorVisible) {\n    const errorText = await page.$eval('.woocommerce-error .message-container', el => el.textContent);\n    expect(errorText).to.include(testCase.expectedError);\n  } else {\n    console.log(`❌ FAILED: cần thông báo lỗi: ${testCase.expectedError}`);\n    // expect(currentUrl).to.equal(config.orderUrl);\n    expect(isErrorVisible).to.be.true; \n  }\n}\n// await new Promise(r => setTimeout(r, 5000));\n// const currentUrl = page.url();\n// if (testCase.expectResults) {\n//   await waitForElement(page, '.is-well.col-inner.entry-content', { timeout: config.timeout });\n//   expect(currentUrl).to.include(testCase.navigation);\n// } else {\n//   if(currentUrl.include('/order-received')) {\n//     console.error(`❌ FAILED: cần thông báo lỗi: ${testCase.expectedError}`);\n//     expect(currentUrl).not.to.include('/order-received');\n//   } else {\n//     await page.waitForSelector('.woocommerce-error', { timeout: config.timeout});\n//     const errorText = await page.$eval('.woocommerce-error .message-container', el => el.textContent);\n//     expect(errorText).to.include(testCase.expectedError);\n//   }\n// }",
              "err": {},
              "uuid": "fcb5e5da-c1f2-43ea-b833-fdafc7f90c03",
              "parentUUID": "2a1f0cbf-588c-4b42-ac38-2535a4ca8c55",
              "isHook": false,
              "skipped": true
            },
            {
              "title": "[DH_03] Đặt hàng khi nhập có kí tự đặc biệt của “Họ”, “Tên”",
              "fullTitle": "Order Functionality [DH_03] Đặt hàng khi nhập có kí tự đặc biệt của “Họ”, “Tên”",
              "timedOut": false,
              "duration": 0,
              "state": null,
              "speed": null,
              "pass": false,
              "fail": false,
              "pending": false,
              "context": null,
              "code": "const productUrl = `${config.baseUrl}/macbook-pro-m4-14-inch-2024-open-box/`;\nawait page.goto(productUrl, { waitUntil: 'networkidle2', timeout: config.timeout });\nconst variationSelector = 'select[name=\"attribute_pa_color\"]';\nif (await page.$(variationSelector)) {\n  await page.select(variationSelector, 'black');\n}\nawait clickElement(page, '.button.buy_now_button');\nawait page.waitForNavigation({ waitUntil: 'networkidle2', timeout: config.timeout });\n// Wait for checkout page\nawait waitForElement(page, '#customer_details');\nawait page.select('#billing_country', 'VN');\n// Clear fields\nawait page.evaluate(() => {\n  ['billing_first_name', 'billing_last_name', 'billing_address_1', 'billing_address_2', 'billing_city', 'billing_phone', 'billing_email']\n    .forEach(id => {\n      const el = document.getElementById(id);\n      if (el) el.value = '';\n    });\n});\n// Fill form\nawait typeText(page, '#billing_first_name', testCase.firstName || '');\nawait typeText(page, '#billing_last_name', testCase.lastname || '');\nawait typeText(page, '#billing_address_1', testCase.address || '');\nawait typeText(page, '#billing_address_2', testCase.apartment || '');\nawait typeText(page, '#billing_city', testCase.city || '');\nawait typeText(page, '#billing_phone', testCase.phoneNumber || '');\nawait typeText(page, '#billing_email', testCase.email || '');\nawait page.click('body');\nawait page.waitForFunction(() => {\n  const spinner = document.querySelector('.blockUI.blockOverlay');\n  return !spinner || spinner.style.display === 'none' || spinner.offsetParent === null;\n}, { timeout: 10000 });\n// const termsCheckbox = await page.$('#terms');\n// if (termsCheckbox) {\n//   const isChecked = await page.$eval('#terms', el => el.checked);\n//   if (!isChecked) await page.click('#terms');\n// }\nawait page.evaluate(() => {\n  const btn = document.querySelector('#place_order');\n  if (btn) btn.scrollIntoView({ behavior: 'smooth', block: 'center' });\n});\n// await new Promise(r => setTimeout(r, 1000));\n// const [response] = await Promise.all([\n//   page.waitForNavigation({ waitUntil: 'networkidle2', timeout: config.timeout }).catch(() => null),\n//   page.click('#place_order'),\n// ]);\npage.click('#place_order');\nif (testCase.expectResults) {\n  await waitForElement(page, '.is-well.col-inner.entry-content', { timeout: config.timeout });\n  const currentUrl = page.url();\n  expect(currentUrl).to.include(config.orderReceived);\n} else {\n  async function doesElementExist(page, selector, timeout) {\n    return page.waitForSelector(selector, { timeout })\n        .then(() => true)   // Nếu promise thành công (tìm thấy), trả về true\n        .catch(() => false); // Nếu promise thất bại (timeout), trả về false\n  }\n  const isErrorVisible = await doesElementExist(page, '.woocommerce-error', 10000);\n  if(isErrorVisible) {\n    const errorText = await page.$eval('.woocommerce-error .message-container', el => el.textContent);\n    expect(errorText).to.include(testCase.expectedError);\n  } else {\n    console.log(`❌ FAILED: cần thông báo lỗi: ${testCase.expectedError}`);\n    // expect(currentUrl).to.equal(config.orderUrl);\n    expect(isErrorVisible).to.be.true; \n  }\n}\n// await new Promise(r => setTimeout(r, 5000));\n// const currentUrl = page.url();\n// if (testCase.expectResults) {\n//   await waitForElement(page, '.is-well.col-inner.entry-content', { timeout: config.timeout });\n//   expect(currentUrl).to.include(testCase.navigation);\n// } else {\n//   if(currentUrl.include('/order-received')) {\n//     console.error(`❌ FAILED: cần thông báo lỗi: ${testCase.expectedError}`);\n//     expect(currentUrl).not.to.include('/order-received');\n//   } else {\n//     await page.waitForSelector('.woocommerce-error', { timeout: config.timeout});\n//     const errorText = await page.$eval('.woocommerce-error .message-container', el => el.textContent);\n//     expect(errorText).to.include(testCase.expectedError);\n//   }\n// }",
              "err": {},
              "uuid": "37ad796f-1a80-48e2-909f-bc615597984b",
              "parentUUID": "2a1f0cbf-588c-4b42-ac38-2535a4ca8c55",
              "isHook": false,
              "skipped": true
            },
            {
              "title": "[DH_04] Đặt hàng với đúng địa chỉ",
              "fullTitle": "Order Functionality [DH_04] Đặt hàng với đúng địa chỉ",
              "timedOut": false,
              "duration": 0,
              "state": null,
              "speed": null,
              "pass": false,
              "fail": false,
              "pending": false,
              "context": null,
              "code": "const productUrl = `${config.baseUrl}/macbook-pro-m4-14-inch-2024-open-box/`;\nawait page.goto(productUrl, { waitUntil: 'networkidle2', timeout: config.timeout });\nconst variationSelector = 'select[name=\"attribute_pa_color\"]';\nif (await page.$(variationSelector)) {\n  await page.select(variationSelector, 'black');\n}\nawait clickElement(page, '.button.buy_now_button');\nawait page.waitForNavigation({ waitUntil: 'networkidle2', timeout: config.timeout });\n// Wait for checkout page\nawait waitForElement(page, '#customer_details');\nawait page.select('#billing_country', 'VN');\n// Clear fields\nawait page.evaluate(() => {\n  ['billing_first_name', 'billing_last_name', 'billing_address_1', 'billing_address_2', 'billing_city', 'billing_phone', 'billing_email']\n    .forEach(id => {\n      const el = document.getElementById(id);\n      if (el) el.value = '';\n    });\n});\n// Fill form\nawait typeText(page, '#billing_first_name', testCase.firstName || '');\nawait typeText(page, '#billing_last_name', testCase.lastname || '');\nawait typeText(page, '#billing_address_1', testCase.address || '');\nawait typeText(page, '#billing_address_2', testCase.apartment || '');\nawait typeText(page, '#billing_city', testCase.city || '');\nawait typeText(page, '#billing_phone', testCase.phoneNumber || '');\nawait typeText(page, '#billing_email', testCase.email || '');\nawait page.click('body');\nawait page.waitForFunction(() => {\n  const spinner = document.querySelector('.blockUI.blockOverlay');\n  return !spinner || spinner.style.display === 'none' || spinner.offsetParent === null;\n}, { timeout: 10000 });\n// const termsCheckbox = await page.$('#terms');\n// if (termsCheckbox) {\n//   const isChecked = await page.$eval('#terms', el => el.checked);\n//   if (!isChecked) await page.click('#terms');\n// }\nawait page.evaluate(() => {\n  const btn = document.querySelector('#place_order');\n  if (btn) btn.scrollIntoView({ behavior: 'smooth', block: 'center' });\n});\n// await new Promise(r => setTimeout(r, 1000));\n// const [response] = await Promise.all([\n//   page.waitForNavigation({ waitUntil: 'networkidle2', timeout: config.timeout }).catch(() => null),\n//   page.click('#place_order'),\n// ]);\npage.click('#place_order');\nif (testCase.expectResults) {\n  await waitForElement(page, '.is-well.col-inner.entry-content', { timeout: config.timeout });\n  const currentUrl = page.url();\n  expect(currentUrl).to.include(config.orderReceived);\n} else {\n  async function doesElementExist(page, selector, timeout) {\n    return page.waitForSelector(selector, { timeout })\n        .then(() => true)   // Nếu promise thành công (tìm thấy), trả về true\n        .catch(() => false); // Nếu promise thất bại (timeout), trả về false\n  }\n  const isErrorVisible = await doesElementExist(page, '.woocommerce-error', 10000);\n  if(isErrorVisible) {\n    const errorText = await page.$eval('.woocommerce-error .message-container', el => el.textContent);\n    expect(errorText).to.include(testCase.expectedError);\n  } else {\n    console.log(`❌ FAILED: cần thông báo lỗi: ${testCase.expectedError}`);\n    // expect(currentUrl).to.equal(config.orderUrl);\n    expect(isErrorVisible).to.be.true; \n  }\n}\n// await new Promise(r => setTimeout(r, 5000));\n// const currentUrl = page.url();\n// if (testCase.expectResults) {\n//   await waitForElement(page, '.is-well.col-inner.entry-content', { timeout: config.timeout });\n//   expect(currentUrl).to.include(testCase.navigation);\n// } else {\n//   if(currentUrl.include('/order-received')) {\n//     console.error(`❌ FAILED: cần thông báo lỗi: ${testCase.expectedError}`);\n//     expect(currentUrl).not.to.include('/order-received');\n//   } else {\n//     await page.waitForSelector('.woocommerce-error', { timeout: config.timeout});\n//     const errorText = await page.$eval('.woocommerce-error .message-container', el => el.textContent);\n//     expect(errorText).to.include(testCase.expectedError);\n//   }\n// }",
              "err": {},
              "uuid": "9c06a634-6617-4422-9d50-6fe6c0b74280",
              "parentUUID": "2a1f0cbf-588c-4b42-ac38-2535a4ca8c55",
              "isHook": false,
              "skipped": true
            },
            {
              "title": "[DH_05] Đặt hàng với sai địa chỉ, có kí tự đặc biệt",
              "fullTitle": "Order Functionality [DH_05] Đặt hàng với sai địa chỉ, có kí tự đặc biệt",
              "timedOut": false,
              "duration": 0,
              "state": null,
              "speed": null,
              "pass": false,
              "fail": false,
              "pending": false,
              "context": null,
              "code": "const productUrl = `${config.baseUrl}/macbook-pro-m4-14-inch-2024-open-box/`;\nawait page.goto(productUrl, { waitUntil: 'networkidle2', timeout: config.timeout });\nconst variationSelector = 'select[name=\"attribute_pa_color\"]';\nif (await page.$(variationSelector)) {\n  await page.select(variationSelector, 'black');\n}\nawait clickElement(page, '.button.buy_now_button');\nawait page.waitForNavigation({ waitUntil: 'networkidle2', timeout: config.timeout });\n// Wait for checkout page\nawait waitForElement(page, '#customer_details');\nawait page.select('#billing_country', 'VN');\n// Clear fields\nawait page.evaluate(() => {\n  ['billing_first_name', 'billing_last_name', 'billing_address_1', 'billing_address_2', 'billing_city', 'billing_phone', 'billing_email']\n    .forEach(id => {\n      const el = document.getElementById(id);\n      if (el) el.value = '';\n    });\n});\n// Fill form\nawait typeText(page, '#billing_first_name', testCase.firstName || '');\nawait typeText(page, '#billing_last_name', testCase.lastname || '');\nawait typeText(page, '#billing_address_1', testCase.address || '');\nawait typeText(page, '#billing_address_2', testCase.apartment || '');\nawait typeText(page, '#billing_city', testCase.city || '');\nawait typeText(page, '#billing_phone', testCase.phoneNumber || '');\nawait typeText(page, '#billing_email', testCase.email || '');\nawait page.click('body');\nawait page.waitForFunction(() => {\n  const spinner = document.querySelector('.blockUI.blockOverlay');\n  return !spinner || spinner.style.display === 'none' || spinner.offsetParent === null;\n}, { timeout: 10000 });\n// const termsCheckbox = await page.$('#terms');\n// if (termsCheckbox) {\n//   const isChecked = await page.$eval('#terms', el => el.checked);\n//   if (!isChecked) await page.click('#terms');\n// }\nawait page.evaluate(() => {\n  const btn = document.querySelector('#place_order');\n  if (btn) btn.scrollIntoView({ behavior: 'smooth', block: 'center' });\n});\n// await new Promise(r => setTimeout(r, 1000));\n// const [response] = await Promise.all([\n//   page.waitForNavigation({ waitUntil: 'networkidle2', timeout: config.timeout }).catch(() => null),\n//   page.click('#place_order'),\n// ]);\npage.click('#place_order');\nif (testCase.expectResults) {\n  await waitForElement(page, '.is-well.col-inner.entry-content', { timeout: config.timeout });\n  const currentUrl = page.url();\n  expect(currentUrl).to.include(config.orderReceived);\n} else {\n  async function doesElementExist(page, selector, timeout) {\n    return page.waitForSelector(selector, { timeout })\n        .then(() => true)   // Nếu promise thành công (tìm thấy), trả về true\n        .catch(() => false); // Nếu promise thất bại (timeout), trả về false\n  }\n  const isErrorVisible = await doesElementExist(page, '.woocommerce-error', 10000);\n  if(isErrorVisible) {\n    const errorText = await page.$eval('.woocommerce-error .message-container', el => el.textContent);\n    expect(errorText).to.include(testCase.expectedError);\n  } else {\n    console.log(`❌ FAILED: cần thông báo lỗi: ${testCase.expectedError}`);\n    // expect(currentUrl).to.equal(config.orderUrl);\n    expect(isErrorVisible).to.be.true; \n  }\n}\n// await new Promise(r => setTimeout(r, 5000));\n// const currentUrl = page.url();\n// if (testCase.expectResults) {\n//   await waitForElement(page, '.is-well.col-inner.entry-content', { timeout: config.timeout });\n//   expect(currentUrl).to.include(testCase.navigation);\n// } else {\n//   if(currentUrl.include('/order-received')) {\n//     console.error(`❌ FAILED: cần thông báo lỗi: ${testCase.expectedError}`);\n//     expect(currentUrl).not.to.include('/order-received');\n//   } else {\n//     await page.waitForSelector('.woocommerce-error', { timeout: config.timeout});\n//     const errorText = await page.$eval('.woocommerce-error .message-container', el => el.textContent);\n//     expect(errorText).to.include(testCase.expectedError);\n//   }\n// }",
              "err": {},
              "uuid": "b9248367-a422-40f4-9d09-bd4a5f900f2f",
              "parentUUID": "2a1f0cbf-588c-4b42-ac38-2535a4ca8c55",
              "isHook": false,
              "skipped": true
            },
            {
              "title": "[DH_06] Đặt hàng với đúng số điện thoại",
              "fullTitle": "Order Functionality [DH_06] Đặt hàng với đúng số điện thoại",
              "timedOut": false,
              "duration": 0,
              "state": null,
              "speed": null,
              "pass": false,
              "fail": false,
              "pending": false,
              "context": null,
              "code": "const productUrl = `${config.baseUrl}/macbook-pro-m4-14-inch-2024-open-box/`;\nawait page.goto(productUrl, { waitUntil: 'networkidle2', timeout: config.timeout });\nconst variationSelector = 'select[name=\"attribute_pa_color\"]';\nif (await page.$(variationSelector)) {\n  await page.select(variationSelector, 'black');\n}\nawait clickElement(page, '.button.buy_now_button');\nawait page.waitForNavigation({ waitUntil: 'networkidle2', timeout: config.timeout });\n// Wait for checkout page\nawait waitForElement(page, '#customer_details');\nawait page.select('#billing_country', 'VN');\n// Clear fields\nawait page.evaluate(() => {\n  ['billing_first_name', 'billing_last_name', 'billing_address_1', 'billing_address_2', 'billing_city', 'billing_phone', 'billing_email']\n    .forEach(id => {\n      const el = document.getElementById(id);\n      if (el) el.value = '';\n    });\n});\n// Fill form\nawait typeText(page, '#billing_first_name', testCase.firstName || '');\nawait typeText(page, '#billing_last_name', testCase.lastname || '');\nawait typeText(page, '#billing_address_1', testCase.address || '');\nawait typeText(page, '#billing_address_2', testCase.apartment || '');\nawait typeText(page, '#billing_city', testCase.city || '');\nawait typeText(page, '#billing_phone', testCase.phoneNumber || '');\nawait typeText(page, '#billing_email', testCase.email || '');\nawait page.click('body');\nawait page.waitForFunction(() => {\n  const spinner = document.querySelector('.blockUI.blockOverlay');\n  return !spinner || spinner.style.display === 'none' || spinner.offsetParent === null;\n}, { timeout: 10000 });\n// const termsCheckbox = await page.$('#terms');\n// if (termsCheckbox) {\n//   const isChecked = await page.$eval('#terms', el => el.checked);\n//   if (!isChecked) await page.click('#terms');\n// }\nawait page.evaluate(() => {\n  const btn = document.querySelector('#place_order');\n  if (btn) btn.scrollIntoView({ behavior: 'smooth', block: 'center' });\n});\n// await new Promise(r => setTimeout(r, 1000));\n// const [response] = await Promise.all([\n//   page.waitForNavigation({ waitUntil: 'networkidle2', timeout: config.timeout }).catch(() => null),\n//   page.click('#place_order'),\n// ]);\npage.click('#place_order');\nif (testCase.expectResults) {\n  await waitForElement(page, '.is-well.col-inner.entry-content', { timeout: config.timeout });\n  const currentUrl = page.url();\n  expect(currentUrl).to.include(config.orderReceived);\n} else {\n  async function doesElementExist(page, selector, timeout) {\n    return page.waitForSelector(selector, { timeout })\n        .then(() => true)   // Nếu promise thành công (tìm thấy), trả về true\n        .catch(() => false); // Nếu promise thất bại (timeout), trả về false\n  }\n  const isErrorVisible = await doesElementExist(page, '.woocommerce-error', 10000);\n  if(isErrorVisible) {\n    const errorText = await page.$eval('.woocommerce-error .message-container', el => el.textContent);\n    expect(errorText).to.include(testCase.expectedError);\n  } else {\n    console.log(`❌ FAILED: cần thông báo lỗi: ${testCase.expectedError}`);\n    // expect(currentUrl).to.equal(config.orderUrl);\n    expect(isErrorVisible).to.be.true; \n  }\n}\n// await new Promise(r => setTimeout(r, 5000));\n// const currentUrl = page.url();\n// if (testCase.expectResults) {\n//   await waitForElement(page, '.is-well.col-inner.entry-content', { timeout: config.timeout });\n//   expect(currentUrl).to.include(testCase.navigation);\n// } else {\n//   if(currentUrl.include('/order-received')) {\n//     console.error(`❌ FAILED: cần thông báo lỗi: ${testCase.expectedError}`);\n//     expect(currentUrl).not.to.include('/order-received');\n//   } else {\n//     await page.waitForSelector('.woocommerce-error', { timeout: config.timeout});\n//     const errorText = await page.$eval('.woocommerce-error .message-container', el => el.textContent);\n//     expect(errorText).to.include(testCase.expectedError);\n//   }\n// }",
              "err": {},
              "uuid": "8abcef92-3fea-4815-9686-96e1f2d8d129",
              "parentUUID": "2a1f0cbf-588c-4b42-ac38-2535a4ca8c55",
              "isHook": false,
              "skipped": true
            },
            {
              "title": "[DH_07] Đặt hàng với số điện thoại có chứa toàn kí tự đặc biệt",
              "fullTitle": "Order Functionality [DH_07] Đặt hàng với số điện thoại có chứa toàn kí tự đặc biệt",
              "timedOut": false,
              "duration": 0,
              "state": null,
              "speed": null,
              "pass": false,
              "fail": false,
              "pending": false,
              "context": null,
              "code": "const productUrl = `${config.baseUrl}/macbook-pro-m4-14-inch-2024-open-box/`;\nawait page.goto(productUrl, { waitUntil: 'networkidle2', timeout: config.timeout });\nconst variationSelector = 'select[name=\"attribute_pa_color\"]';\nif (await page.$(variationSelector)) {\n  await page.select(variationSelector, 'black');\n}\nawait clickElement(page, '.button.buy_now_button');\nawait page.waitForNavigation({ waitUntil: 'networkidle2', timeout: config.timeout });\n// Wait for checkout page\nawait waitForElement(page, '#customer_details');\nawait page.select('#billing_country', 'VN');\n// Clear fields\nawait page.evaluate(() => {\n  ['billing_first_name', 'billing_last_name', 'billing_address_1', 'billing_address_2', 'billing_city', 'billing_phone', 'billing_email']\n    .forEach(id => {\n      const el = document.getElementById(id);\n      if (el) el.value = '';\n    });\n});\n// Fill form\nawait typeText(page, '#billing_first_name', testCase.firstName || '');\nawait typeText(page, '#billing_last_name', testCase.lastname || '');\nawait typeText(page, '#billing_address_1', testCase.address || '');\nawait typeText(page, '#billing_address_2', testCase.apartment || '');\nawait typeText(page, '#billing_city', testCase.city || '');\nawait typeText(page, '#billing_phone', testCase.phoneNumber || '');\nawait typeText(page, '#billing_email', testCase.email || '');\nawait page.click('body');\nawait page.waitForFunction(() => {\n  const spinner = document.querySelector('.blockUI.blockOverlay');\n  return !spinner || spinner.style.display === 'none' || spinner.offsetParent === null;\n}, { timeout: 10000 });\n// const termsCheckbox = await page.$('#terms');\n// if (termsCheckbox) {\n//   const isChecked = await page.$eval('#terms', el => el.checked);\n//   if (!isChecked) await page.click('#terms');\n// }\nawait page.evaluate(() => {\n  const btn = document.querySelector('#place_order');\n  if (btn) btn.scrollIntoView({ behavior: 'smooth', block: 'center' });\n});\n// await new Promise(r => setTimeout(r, 1000));\n// const [response] = await Promise.all([\n//   page.waitForNavigation({ waitUntil: 'networkidle2', timeout: config.timeout }).catch(() => null),\n//   page.click('#place_order'),\n// ]);\npage.click('#place_order');\nif (testCase.expectResults) {\n  await waitForElement(page, '.is-well.col-inner.entry-content', { timeout: config.timeout });\n  const currentUrl = page.url();\n  expect(currentUrl).to.include(config.orderReceived);\n} else {\n  async function doesElementExist(page, selector, timeout) {\n    return page.waitForSelector(selector, { timeout })\n        .then(() => true)   // Nếu promise thành công (tìm thấy), trả về true\n        .catch(() => false); // Nếu promise thất bại (timeout), trả về false\n  }\n  const isErrorVisible = await doesElementExist(page, '.woocommerce-error', 10000);\n  if(isErrorVisible) {\n    const errorText = await page.$eval('.woocommerce-error .message-container', el => el.textContent);\n    expect(errorText).to.include(testCase.expectedError);\n  } else {\n    console.log(`❌ FAILED: cần thông báo lỗi: ${testCase.expectedError}`);\n    // expect(currentUrl).to.equal(config.orderUrl);\n    expect(isErrorVisible).to.be.true; \n  }\n}\n// await new Promise(r => setTimeout(r, 5000));\n// const currentUrl = page.url();\n// if (testCase.expectResults) {\n//   await waitForElement(page, '.is-well.col-inner.entry-content', { timeout: config.timeout });\n//   expect(currentUrl).to.include(testCase.navigation);\n// } else {\n//   if(currentUrl.include('/order-received')) {\n//     console.error(`❌ FAILED: cần thông báo lỗi: ${testCase.expectedError}`);\n//     expect(currentUrl).not.to.include('/order-received');\n//   } else {\n//     await page.waitForSelector('.woocommerce-error', { timeout: config.timeout});\n//     const errorText = await page.$eval('.woocommerce-error .message-container', el => el.textContent);\n//     expect(errorText).to.include(testCase.expectedError);\n//   }\n// }",
              "err": {},
              "uuid": "b9532a95-2266-4f5e-a3e2-2ab7391cf5ea",
              "parentUUID": "2a1f0cbf-588c-4b42-ac38-2535a4ca8c55",
              "isHook": false,
              "skipped": true
            },
            {
              "title": "[DH_08] Đặt hàng với số điện thoại có chứa kí tự đặc biệt",
              "fullTitle": "Order Functionality [DH_08] Đặt hàng với số điện thoại có chứa kí tự đặc biệt",
              "timedOut": false,
              "duration": 0,
              "state": null,
              "speed": null,
              "pass": false,
              "fail": false,
              "pending": false,
              "context": null,
              "code": "const productUrl = `${config.baseUrl}/macbook-pro-m4-14-inch-2024-open-box/`;\nawait page.goto(productUrl, { waitUntil: 'networkidle2', timeout: config.timeout });\nconst variationSelector = 'select[name=\"attribute_pa_color\"]';\nif (await page.$(variationSelector)) {\n  await page.select(variationSelector, 'black');\n}\nawait clickElement(page, '.button.buy_now_button');\nawait page.waitForNavigation({ waitUntil: 'networkidle2', timeout: config.timeout });\n// Wait for checkout page\nawait waitForElement(page, '#customer_details');\nawait page.select('#billing_country', 'VN');\n// Clear fields\nawait page.evaluate(() => {\n  ['billing_first_name', 'billing_last_name', 'billing_address_1', 'billing_address_2', 'billing_city', 'billing_phone', 'billing_email']\n    .forEach(id => {\n      const el = document.getElementById(id);\n      if (el) el.value = '';\n    });\n});\n// Fill form\nawait typeText(page, '#billing_first_name', testCase.firstName || '');\nawait typeText(page, '#billing_last_name', testCase.lastname || '');\nawait typeText(page, '#billing_address_1', testCase.address || '');\nawait typeText(page, '#billing_address_2', testCase.apartment || '');\nawait typeText(page, '#billing_city', testCase.city || '');\nawait typeText(page, '#billing_phone', testCase.phoneNumber || '');\nawait typeText(page, '#billing_email', testCase.email || '');\nawait page.click('body');\nawait page.waitForFunction(() => {\n  const spinner = document.querySelector('.blockUI.blockOverlay');\n  return !spinner || spinner.style.display === 'none' || spinner.offsetParent === null;\n}, { timeout: 10000 });\n// const termsCheckbox = await page.$('#terms');\n// if (termsCheckbox) {\n//   const isChecked = await page.$eval('#terms', el => el.checked);\n//   if (!isChecked) await page.click('#terms');\n// }\nawait page.evaluate(() => {\n  const btn = document.querySelector('#place_order');\n  if (btn) btn.scrollIntoView({ behavior: 'smooth', block: 'center' });\n});\n// await new Promise(r => setTimeout(r, 1000));\n// const [response] = await Promise.all([\n//   page.waitForNavigation({ waitUntil: 'networkidle2', timeout: config.timeout }).catch(() => null),\n//   page.click('#place_order'),\n// ]);\npage.click('#place_order');\nif (testCase.expectResults) {\n  await waitForElement(page, '.is-well.col-inner.entry-content', { timeout: config.timeout });\n  const currentUrl = page.url();\n  expect(currentUrl).to.include(config.orderReceived);\n} else {\n  async function doesElementExist(page, selector, timeout) {\n    return page.waitForSelector(selector, { timeout })\n        .then(() => true)   // Nếu promise thành công (tìm thấy), trả về true\n        .catch(() => false); // Nếu promise thất bại (timeout), trả về false\n  }\n  const isErrorVisible = await doesElementExist(page, '.woocommerce-error', 10000);\n  if(isErrorVisible) {\n    const errorText = await page.$eval('.woocommerce-error .message-container', el => el.textContent);\n    expect(errorText).to.include(testCase.expectedError);\n  } else {\n    console.log(`❌ FAILED: cần thông báo lỗi: ${testCase.expectedError}`);\n    // expect(currentUrl).to.equal(config.orderUrl);\n    expect(isErrorVisible).to.be.true; \n  }\n}\n// await new Promise(r => setTimeout(r, 5000));\n// const currentUrl = page.url();\n// if (testCase.expectResults) {\n//   await waitForElement(page, '.is-well.col-inner.entry-content', { timeout: config.timeout });\n//   expect(currentUrl).to.include(testCase.navigation);\n// } else {\n//   if(currentUrl.include('/order-received')) {\n//     console.error(`❌ FAILED: cần thông báo lỗi: ${testCase.expectedError}`);\n//     expect(currentUrl).not.to.include('/order-received');\n//   } else {\n//     await page.waitForSelector('.woocommerce-error', { timeout: config.timeout});\n//     const errorText = await page.$eval('.woocommerce-error .message-container', el => el.textContent);\n//     expect(errorText).to.include(testCase.expectedError);\n//   }\n// }",
              "err": {},
              "uuid": "0fc050bb-8c00-4c85-820c-3c15f41145f1",
              "parentUUID": "2a1f0cbf-588c-4b42-ac38-2535a4ca8c55",
              "isHook": false,
              "skipped": true
            },
            {
              "title": "[DH_09] Đặt hàng với số điện thoại không đúng độ dài",
              "fullTitle": "Order Functionality [DH_09] Đặt hàng với số điện thoại không đúng độ dài",
              "timedOut": false,
              "duration": 27405,
              "state": "failed",
              "speed": null,
              "pass": false,
              "fail": true,
              "pending": false,
              "context": null,
              "code": "const productUrl = `${config.baseUrl}/macbook-pro-m4-14-inch-2024-open-box/`;\nawait page.goto(productUrl, { waitUntil: 'networkidle2', timeout: config.timeout });\nconst variationSelector = 'select[name=\"attribute_pa_color\"]';\nif (await page.$(variationSelector)) {\n  await page.select(variationSelector, 'black');\n}\nawait clickElement(page, '.button.buy_now_button');\nawait page.waitForNavigation({ waitUntil: 'networkidle2', timeout: config.timeout });\n// Wait for checkout page\nawait waitForElement(page, '#customer_details');\nawait page.select('#billing_country', 'VN');\n// Clear fields\nawait page.evaluate(() => {\n  ['billing_first_name', 'billing_last_name', 'billing_address_1', 'billing_address_2', 'billing_city', 'billing_phone', 'billing_email']\n    .forEach(id => {\n      const el = document.getElementById(id);\n      if (el) el.value = '';\n    });\n});\n// Fill form\nawait typeText(page, '#billing_first_name', testCase.firstName || '');\nawait typeText(page, '#billing_last_name', testCase.lastname || '');\nawait typeText(page, '#billing_address_1', testCase.address || '');\nawait typeText(page, '#billing_address_2', testCase.apartment || '');\nawait typeText(page, '#billing_city', testCase.city || '');\nawait typeText(page, '#billing_phone', testCase.phoneNumber || '');\nawait typeText(page, '#billing_email', testCase.email || '');\nawait page.click('body');\nawait page.waitForFunction(() => {\n  const spinner = document.querySelector('.blockUI.blockOverlay');\n  return !spinner || spinner.style.display === 'none' || spinner.offsetParent === null;\n}, { timeout: 10000 });\n// const termsCheckbox = await page.$('#terms');\n// if (termsCheckbox) {\n//   const isChecked = await page.$eval('#terms', el => el.checked);\n//   if (!isChecked) await page.click('#terms');\n// }\nawait page.evaluate(() => {\n  const btn = document.querySelector('#place_order');\n  if (btn) btn.scrollIntoView({ behavior: 'smooth', block: 'center' });\n});\n// await new Promise(r => setTimeout(r, 1000));\n// const [response] = await Promise.all([\n//   page.waitForNavigation({ waitUntil: 'networkidle2', timeout: config.timeout }).catch(() => null),\n//   page.click('#place_order'),\n// ]);\npage.click('#place_order');\nif (testCase.expectResults) {\n  await waitForElement(page, '.is-well.col-inner.entry-content', { timeout: config.timeout });\n  const currentUrl = page.url();\n  expect(currentUrl).to.include(config.orderReceived);\n} else {\n  async function doesElementExist(page, selector, timeout) {\n    return page.waitForSelector(selector, { timeout })\n        .then(() => true)   // Nếu promise thành công (tìm thấy), trả về true\n        .catch(() => false); // Nếu promise thất bại (timeout), trả về false\n  }\n  const isErrorVisible = await doesElementExist(page, '.woocommerce-error', 10000);\n  if(isErrorVisible) {\n    const errorText = await page.$eval('.woocommerce-error .message-container', el => el.textContent);\n    expect(errorText).to.include(testCase.expectedError);\n  } else {\n    console.log(`❌ FAILED: cần thông báo lỗi: ${testCase.expectedError}`);\n    // expect(currentUrl).to.equal(config.orderUrl);\n    expect(isErrorVisible).to.be.true; \n  }\n}\n// await new Promise(r => setTimeout(r, 5000));\n// const currentUrl = page.url();\n// if (testCase.expectResults) {\n//   await waitForElement(page, '.is-well.col-inner.entry-content', { timeout: config.timeout });\n//   expect(currentUrl).to.include(testCase.navigation);\n// } else {\n//   if(currentUrl.include('/order-received')) {\n//     console.error(`❌ FAILED: cần thông báo lỗi: ${testCase.expectedError}`);\n//     expect(currentUrl).not.to.include('/order-received');\n//   } else {\n//     await page.waitForSelector('.woocommerce-error', { timeout: config.timeout});\n//     const errorText = await page.$eval('.woocommerce-error .message-container', el => el.textContent);\n//     expect(errorText).to.include(testCase.expectedError);\n//   }\n// }",
              "err": {
                "message": "AssertionError: expected false to be true",
                "estack": "AssertionError: expected false to be true\n    at Context.<anonymous> (tests\\order.test.js:107:41)",
                "diff": "- false\n+ true\n"
              },
              "uuid": "ab4f39d5-4b89-45c6-923e-860e9529d388",
              "parentUUID": "2a1f0cbf-588c-4b42-ac38-2535a4ca8c55",
              "isHook": false,
              "skipped": false
            }
          ],
          "suites": [],
          "passes": [],
          "failures": [
            "ab4f39d5-4b89-45c6-923e-860e9529d388"
          ],
          "pending": [],
          "skipped": [
            "846e670e-e98d-4244-a848-8a570bcd48d4",
            "fcb5e5da-c1f2-43ea-b833-fdafc7f90c03",
            "37ad796f-1a80-48e2-909f-bc615597984b",
            "9c06a634-6617-4422-9d50-6fe6c0b74280",
            "b9248367-a422-40f4-9d09-bd4a5f900f2f",
            "8abcef92-3fea-4815-9686-96e1f2d8d129",
            "b9532a95-2266-4f5e-a3e2-2ab7391cf5ea",
            "0fc050bb-8c00-4c85-820c-3c15f41145f1"
          ],
          "duration": 27405,
          "root": false,
          "rootEmpty": false,
          "_timeout": 60000
        }
      ],
      "passes": [],
      "failures": [],
      "pending": [],
      "skipped": [],
      "duration": 0,
      "root": true,
      "rootEmpty": true,
      "_timeout": 60000
    }
  ],
  "meta": {
    "mocha": {
      "version": "11.5.0"
    },
    "mochawesome": {
      "options": {
        "quiet": false,
        "reportFilename": "mochawesome",
        "saveHtml": true,
        "saveJson": true,
        "consoleReporter": "spec",
        "useInlineDiffs": false,
        "code": true
      },
      "version": "7.1.3"
    },
    "marge": {
      "options": null,
      "version": "6.2.0"
    }
  }
}